\BOOKMARK [0][-]{chapter.1}{\376\377\217\223\121\145\217\223\121\372}{}% 1
\BOOKMARK [1][-]{section.1.1}{\376\377\123\326\155\210\124\014\153\145}{chapter.1}% 2
\BOOKMARK [1][-]{section.1.2}{\376\377\155\156\160\271\145\160\217\223\121\372\150\074\137\017}{chapter.1}% 3
\BOOKMARK [1][-]{section.1.3}{\376\377\145\164\127\213\137\353\220\037\217\223\121\145}{chapter.1}% 4
\BOOKMARK [1][-]{section.1.4}{\376\377\133\127\173\046\116\062\137\353\220\037\217\223\121\145}{chapter.1}% 5
\BOOKMARK [1][-]{section.1.5}{\376\377\145\164\127\213\137\353\220\037\217\223\121\372}{chapter.1}% 6
\BOOKMARK [1][-]{section.1.6}{\376\377\133\127\173\046\116\062\137\353\220\037\217\223\121\372}{chapter.1}% 7
\BOOKMARK [1][-]{section.1.7}{\376\377\000p\000y\000t\000h\000o\000n\000\040\217\223\121\145}{chapter.1}% 8
\BOOKMARK [0][-]{chapter.2}{\376\377\122\250\140\001\211\304\122\022}{}% 9
\BOOKMARK [1][-]{section.2.1}{\376\377\200\314\123\005\225\356\230\230}{chapter.2}% 10
\BOOKMARK [1][-]{section.2.2}{\376\377\147\000\225\177\123\125\214\003\133\120\136\217\122\027\377\010\000n\000l\000o\000g\000n\000\051}{chapter.2}% 11
\BOOKMARK [0][-]{chapter.3}{\376\377\145\160\133\146}{}% 12
\BOOKMARK [1][-]{section.3.1}{\376\377\146\264\122\233\122\044\175\040\145\160}{chapter.3}% 13
\BOOKMARK [1][-]{section.3.2}{\376\377\127\303\154\017\173\133}{chapter.3}% 14
\BOOKMARK [1][-]{section.3.3}{\376\377\146\264\122\233\122\044\126\336\145\207\145\160}{chapter.3}% 15
\BOOKMARK [1][-]{section.3.4}{\376\377\147\000\131\047\121\154\176\246\145\160}{chapter.3}% 16
\BOOKMARK [1][-]{section.3.5}{\376\377\147\000\134\017\121\154\120\015\145\160}{chapter.3}% 17
\BOOKMARK [1][-]{section.3.6}{\376\377\142\151\134\125\153\047\121\340\221\314\137\227}{chapter.3}% 18
\BOOKMARK [1][-]{section.3.7}{\376\377\116\055\126\375\122\151\117\131\133\232\164\006}{chapter.3}% 19
\BOOKMARK [1][-]{section.3.8}{\376\377\153\047\142\311\121\375\145\160}{chapter.3}% 20
\BOOKMARK [1][-]{section.3.9}{\376\377\154\102\220\006\121\103}{chapter.3}% 21
\BOOKMARK [1][-]{section.3.10}{\376\377\000C\000\050\000n\000,\000m\000\051\000\040\000m\000o\000d\000\040\000p\000\040\000\050\000n\137\210\131\047\000p\123\357\116\345\137\210\131\047\377\011}{chapter.3}% 22
\BOOKMARK [1][-]{section.3.11}{\376\377\000L\000u\000c\000a\000s\133\232\164\006}{chapter.3}% 23
\BOOKMARK [1][-]{section.3.12}{\376\377\137\353\220\037\116\130\154\325\123\326\152\041}{chapter.3}% 24
\BOOKMARK [1][-]{section.3.13}{\376\377\137\353\220\037\136\102\123\326\152\041}{chapter.3}% 25
\BOOKMARK [1][-]{section.3.14}{\376\377\213\241\173\227\116\316\000C\000\050\000n\000,\000\040\0000\000\051\122\060\000C\000\050\000n\000,\000\040\000p\000\051\166\204\120\074}{chapter.3}% 26
\BOOKMARK [1][-]{section.3.15}{\376\377\116\214\122\006\122\006\145\160\150\021\377\010\000S\000t\000e\000r\000n\000-\000B\000r\000o\000c\000o\000t\000\040\000T\000r\000e\000e\000\051}{chapter.3}% 27
\BOOKMARK [0][-]{chapter.4}{\376\377\126\376\213\272}{}% 28
\BOOKMARK [1][-]{section.4.1}{\376\377\136\166\147\345\226\306}{chapter.4}% 29
\BOOKMARK [1][-]{section.4.2}{\376\377\123\357\144\244\225\000\136\166\147\345\226\306\377\010\143\011\171\351\124\010\136\166\377\011}{chapter.4}% 30
\BOOKMARK [1][-]{section.4.3}{\376\377\000K\000r\000u\000s\000k\000a\000l\147\000\134\017\165\037\142\020\150\021}{chapter.4}% 31
\BOOKMARK [1][-]{section.4.4}{\376\377\000S\000P\000F\000A\000\040\147\000\167\355\215\357}{chapter.4}% 32
\BOOKMARK [1][-]{section.4.5}{\376\377\000d\000i\000j\000k\000s\000t\000r\000a\000\040\147\000\167\355\215\357}{chapter.4}% 33
\BOOKMARK [1][-]{section.4.6}{\376\377\000F\000l\000o\000y\000d\000\040\116\373\141\017\116\044\160\271\225\364\147\000\167\355\215\357}{chapter.4}% 34
\BOOKMARK [1][-]{section.4.7}{\376\377\000D\000i\000n\000i\000c\000\040\147\000\131\047\155\101}{chapter.4}% 35
\BOOKMARK [1][-]{section.4.8}{\376\377\0002\000-\000S\000A\000T\225\356\230\230}{chapter.4}% 36
\BOOKMARK [0][-]{chapter.5}{\376\377\145\160\143\156\176\323\147\204}{}% 37
\BOOKMARK [1][-]{section.5.1}{\376\377\150\021\162\266\145\160\176\304}{chapter.5}% 38
\BOOKMARK [1][-]{section.5.2}{\376\377\116\214\176\364\150\021\162\266\145\160\176\304}{chapter.5}% 39
\BOOKMARK [1][-]{section.5.3}{\376\377\130\006}{chapter.5}% 40
\BOOKMARK [1][-]{section.5.4}{\376\377\000R\000M\000Q}{chapter.5}% 41
\BOOKMARK [1][-]{section.5.5}{\376\377\176\277\153\265\150\021}{chapter.5}% 42
\BOOKMARK [0][-]{chapter.6}{\376\377\133\127\173\046\116\062}{}% 43
\BOOKMARK [1][-]{section.6.1}{\376\377\122\115\177\000\150\021}{chapter.6}% 44
\BOOKMARK [1][-]{section.6.2}{\376\377\124\016\177\000\145\160\176\304}{chapter.6}% 45
\BOOKMARK [1][-]{section.6.3}{\376\377\124\016\177\000\201\352\122\250\147\072}{chapter.6}% 46
\BOOKMARK [1][-]{section.6.4}{\376\377\147\000\225\177\126\336\145\207\133\120\116\062}{chapter.6}% 47
\BOOKMARK [0][-]{chapter.7}{\376\377\236\321\171\321\142\200}{}% 48
\BOOKMARK [1][-]{section.7.1}{\376\377\117\115\217\320\173\227}{chapter.7}% 49
\BOOKMARK [1][-]{section.7.2}{\376\377\163\302\147\065\203\211\150\021\377\010\000O\000l\000d\000\040\000D\000r\000i\000v\000e\000r\000\040\000T\000r\000e\000e\000\051}{chapter.7}% 50
